0 info it worked if it ends with ok
1 verbose cli [ '/home/nestor/libs/nodejs/bin/node',
1 verbose cli   '/home/nestor/libs/nodejs/bin/npm',
1 verbose cli   'install',
1 verbose cli   '--save',
1 verbose cli   'serve_static' ]
2 info using npm@2.11.3
3 info using node@v0.12.7
4 verbose install initial load of /home/nestor/Gugler/git/MEAN/package.json
5 warn package.json demo@1.0.0 No description
6 warn package.json demo@1.0.0 No repository field.
7 warn package.json demo@1.0.0 No README data
8 verbose installManyTop reading scoped package data from /home/nestor/Gugler/git/MEAN/node_modules/express/package.json
9 verbose installManyTop reading scoped package data from /home/nestor/Gugler/git/MEAN/node_modules/mysql/package.json
10 verbose installManyTop reading scoped package data from /home/nestor/Gugler/git/MEAN/node_modules/sequelize/package.json
11 verbose readDependencies loading dependencies from /home/nestor/Gugler/git/MEAN/package.json
12 silly cache add args [ 'serve_static', null ]
13 verbose cache add spec serve_static
14 silly cache add parsed spec { raw: 'serve_static',
14 silly cache add   scope: null,
14 silly cache add   name: 'serve_static',
14 silly cache add   rawSpec: '',
14 silly cache add   spec: '*',
14 silly cache add   type: 'range' }
15 silly addNamed serve_static@*
16 verbose addNamed "*" is a valid semver range for serve_static
17 silly addNameRange { name: 'serve_static', range: '*', hasData: false }
18 silly mapToRegistry name serve_static
19 silly mapToRegistry using default registry
20 silly mapToRegistry registry https://registry.npmjs.org/
21 silly mapToRegistry uri https://registry.npmjs.org/serve_static
22 verbose addNameRange registry:https://registry.npmjs.org/serve_static not in flight; fetching
23 verbose request uri https://registry.npmjs.org/serve_static
24 verbose request no auth needed
25 info attempt registry request try #1 at 08:26:56
26 verbose request id 8e452a38df5a9d62
27 http request GET https://registry.npmjs.org/serve_static
28 http 404 https://registry.npmjs.org/serve_static
29 verbose headers { 'content-type': 'application/json',
29 verbose headers   'cache-control': 'max-age=0',
29 verbose headers   'content-length': '2',
29 verbose headers   'accept-ranges': 'bytes',
29 verbose headers   date: 'Fri, 18 Dec 2015 11:27:22 GMT',
29 verbose headers   via: '1.1 varnish',
29 verbose headers   age: '0',
29 verbose headers   connection: 'keep-alive',
29 verbose headers   'x-served-by': 'cache-jfk1031-JFK',
29 verbose headers   'x-cache': 'MISS',
29 verbose headers   'x-cache-hits': '0',
29 verbose headers   'x-timer': 'S1450438042.880019,VS0,VE83' }
30 silly get cb [ 404,
30 silly get   { 'content-type': 'application/json',
30 silly get     'cache-control': 'max-age=0',
30 silly get     'content-length': '2',
30 silly get     'accept-ranges': 'bytes',
30 silly get     date: 'Fri, 18 Dec 2015 11:27:22 GMT',
30 silly get     via: '1.1 varnish',
30 silly get     age: '0',
30 silly get     connection: 'keep-alive',
30 silly get     'x-served-by': 'cache-jfk1031-JFK',
30 silly get     'x-cache': 'MISS',
30 silly get     'x-cache-hits': '0',
30 silly get     'x-timer': 'S1450438042.880019,VS0,VE83' } ]
31 verbose stack Error: Registry returned 404 for GET on https://registry.npmjs.org/serve_static
31 verbose stack     at CachingRegistryClient.<anonymous> (/home/nestor/libs/nodejs/lib/node_modules/npm/node_modules/npm-registry-client/lib/request.js:239:14)
31 verbose stack     at Request._callback (/home/nestor/libs/nodejs/lib/node_modules/npm/node_modules/npm-registry-client/lib/request.js:170:14)
31 verbose stack     at Request.self.callback (/home/nestor/libs/nodejs/lib/node_modules/npm/node_modules/request/request.js:354:22)
31 verbose stack     at Request.emit (events.js:110:17)
31 verbose stack     at Request.<anonymous> (/home/nestor/libs/nodejs/lib/node_modules/npm/node_modules/request/request.js:1207:14)
31 verbose stack     at Request.emit (events.js:129:20)
31 verbose stack     at IncomingMessage.<anonymous> (/home/nestor/libs/nodejs/lib/node_modules/npm/node_modules/request/request.js:1153:12)
31 verbose stack     at IncomingMessage.emit (events.js:129:20)
31 verbose stack     at _stream_readable.js:908:16
31 verbose stack     at process._tickCallback (node.js:355:11)
32 verbose statusCode 404
33 verbose pkgid serve_static
34 verbose cwd /home/nestor/Gugler/git/MEAN
35 error Linux 4.2.6.compiled
36 error argv "/home/nestor/libs/nodejs/bin/node" "/home/nestor/libs/nodejs/bin/npm" "install" "--save" "serve_static"
37 error node v0.12.7
38 error npm  v2.11.3
39 error code E404
40 error 404 Registry returned 404 for GET on https://registry.npmjs.org/serve_static
40 error 404
40 error 404 'serve_static' is not in the npm registry.
40 error 404 You should bug the author to publish it (or use the name yourself!)
40 error 404 It was specified as a dependency of 'demo'
40 error 404
40 error 404 Note that you can also install from a
40 error 404 tarball, folder, http url, or git url.
41 verbose exit [ 1, true ]
